<?xml version="1.0" encoding="UTF-8"?>
<!-- Generated by org.testng.reporters.JUnitReportReporter -->
<testsuite hostname="Adithis-MacBook-Air.local" failures="0" tests="1" name="practiceTestNG.PracticeTestNGClass6" time="0.003" errors="0" timestamp="2024-01-26T11:27:32 PST" skipped="0">
  <testcase classname="practiceTestNG.PracticeTestNGClass6" name="firstTestcase" time="0.003"/>
</testsuite> <!-- practiceTestNG.PracticeTestNGClass6 -->
