<?xml version="1.0" encoding="UTF-8"?>
<!-- Generated by org.testng.reporters.JUnitReportReporter -->
<testsuite hostname="Adithis-MacBook-Air.local" failures="0" tests="2" name="org.practice.automation.practiceAutomationClass" time="20.215" errors="0" timestamp="2024-01-31T13:39:16 PST" skipped="0">
  <testcase classname="org.practice.automation.practiceAutomationClass" name="practiceSignupFunction" time="16.884"/>
  <testcase classname="org.practice.automation.practiceAutomationClass" name="practiceLoginFunction" time="3.331"/>
</testsuite> <!-- org.practice.automation.practiceAutomationClass -->
