<?xml version="1.0" encoding="UTF-8"?>
<!-- Generated by org.testng.reporters.JUnitReportReporter -->
<testsuite hostname="Adithis-MacBook-Air.local" failures="0" tests="2" name="practiceTestNG.PracticeTestDependencyClass" time="0.004" errors="0" timestamp="2024-01-26T11:27:32 PST" skipped="0">
  <testcase classname="practiceTestNG.PracticeTestDependencyClass" name="firstTestcase" time="0.001"/>
  <testcase classname="practiceTestNG.PracticeTestDependencyClass" name="secondTestcase" time="0.003"/>
</testsuite> <!-- practiceTestNG.PracticeTestDependencyClass -->
