<?xml version="1.0" encoding="UTF-8"?>
<!-- Generated by org.testng.reporters.JUnitReportReporter -->
<testsuite hostname="Adithis-MacBook-Air.local" failures="0" tests="1" name="practiceTesting.PracticeTestingClass4" time="0.009" errors="0" timestamp="2024-01-16T13:09:18 PST" skipped="0">
  <testcase classname="practiceTesting.PracticeTestingClass4" name="firstTestcase" time="0.009"/>
</testsuite> <!-- practiceTesting.PracticeTestingClass4 -->
