<?xml version="1.0" encoding="UTF-8"?>
<!-- Generated by org.testng.reporters.JUnitReportReporter -->
<testsuite hostname="Adithis-MacBook-Air.local" failures="0" tests="2" name="org.practice.automation.PracticeHandleKeyboardMouse" time="16.411" errors="0" timestamp="2024-02-08T10:39:16 PST" skipped="0">
  <testcase classname="org.practice.automation.PracticeHandleKeyboardMouse" name="handleKeyboard" time="5.846"/>
  <testcase classname="org.practice.automation.PracticeHandleKeyboardMouse" name="handleMouse" time="10.565"/>
</testsuite> <!-- org.practice.automation.PracticeHandleKeyboardMouse -->
