<?xml version="1.0" encoding="UTF-8"?>
<!-- Generated by org.testng.reporters.JUnitReportReporter -->
<testsuite hostname="Adithis-MacBook-Air.local" failures="0" tests="2" name="practiceTestNG.PracticeTestNGClass4" time="0.018" errors="0" timestamp="2024-01-24T12:41:11 PST" skipped="0">
  <testcase classname="practiceTestNG.PracticeTestNGClass4" name="firstTestcase" time="0.004"/>
  <testcase classname="practiceTestNG.PracticeTestNGClass4" name="secondTestcase" time="0.014"/>
</testsuite> <!-- practiceTestNG.PracticeTestNGClass4 -->
