<?xml version="1.0" encoding="UTF-8"?>
<!-- Generated by org.testng.reporters.JUnitReportReporter -->
<testsuite hostname="Adithis-MacBook-Air.local" failures="0" tests="5" name="practiceTestNG.PracticeTestPriorityClass" time="0.012" errors="0" timestamp="2024-01-26T11:27:32 PST" skipped="0">
  <testcase classname="practiceTestNG.PracticeTestPriorityClass" name="fifthTestcase" time="0.005"/>
  <testcase classname="practiceTestNG.PracticeTestPriorityClass" name="fourthTestcase" time="0.001"/>
  <testcase classname="practiceTestNG.PracticeTestPriorityClass" name="firstTestcase" time="0.002"/>
  <testcase classname="practiceTestNG.PracticeTestPriorityClass" name="secondTestcase" time="0.003"/>
  <testcase classname="practiceTestNG.PracticeTestPriorityClass" name="thirdTestcase" time="0.001"/>
</testsuite> <!-- practiceTestNG.PracticeTestPriorityClass -->
