<?xml version="1.0" encoding="UTF-8"?>
<!-- Generated by org.testng.reporters.JUnitReportReporter -->
<testsuite hostname="Adithis-MacBook-Air.local" failures="0" tests="1" name="practiceTestNG.PracticeTestNGClass3" time="0.002" errors="0" timestamp="2024-01-16T13:17:25 PST" skipped="0">
  <testcase classname="practiceTestNG.PracticeTestNGClass3" name="firstTestcase" time="0.002"/>
</testsuite> <!-- practiceTestNG.PracticeTestNGClass3 -->
