<?xml version="1.0" encoding="UTF-8"?>
<!-- Generated by org.testng.reporters.JUnitReportReporter -->
<testsuite hostname="Adithis-MacBook-Air.local" failures="0" tests="1" name="practiceTesting.PracticeTestingClass" time="0.022" errors="0" timestamp="2024-01-16T12:55:25 PST" skipped="0">
  <testcase classname="practiceTesting.PracticeTestingClass" name="firstTestcase" time="0.022"/>
</testsuite> <!-- practiceTesting.PracticeTestingClass -->
