<?xml version="1.0" encoding="UTF-8"?>
<!-- Generated by org.testng.reporters.JUnitReportReporter -->
<testsuite hostname="Adithis-MacBook-Air.local" failures="0" tests="5" name="practiceTestNG.PracticeGroupTestClass" time="0.015" errors="0" timestamp="2024-01-26T11:27:32 PST" skipped="0">
  <testcase classname="practiceTestNG.PracticeGroupTestClass" name="thirdTestcase" time="0.002"/>
  <testcase classname="practiceTestNG.PracticeGroupTestClass" name="secondTestcase" time="0.003"/>
  <testcase classname="practiceTestNG.PracticeGroupTestClass" name="fifthTestcase" time="0.002"/>
  <testcase classname="practiceTestNG.PracticeGroupTestClass" name="fourthTestcase" time="0.002"/>
  <testcase classname="practiceTestNG.PracticeGroupTestClass" name="firstTestcase" time="0.006"/>
</testsuite> <!-- practiceTestNG.PracticeGroupTestClass -->
