<?xml version="1.0" encoding="UTF-8"?>
<!-- Generated by org.testng.reporters.JUnitReportReporter -->
<testsuite hostname="Adithis-MacBook-Air.local" failures="0" tests="3" name="practiceTestNG.PracticeTestNGClass5" time="0.032" errors="0" timestamp="2024-01-24T13:49:43 PST" skipped="0">
  <testcase classname="practiceTestNG.PracticeTestNGClass5" name="fifthTestcase" time="0.020"/>
  <testcase classname="practiceTestNG.PracticeTestNGClass5" name="fourthTestcase" time="0.003"/>
  <testcase classname="practiceTestNG.PracticeTestNGClass5" name="secondTestcase" time="0.009"/>
</testsuite> <!-- practiceTestNG.PracticeTestNGClass5 -->
