<?xml version="1.0" encoding="UTF-8"?>
<!-- Generated by org.testng.reporters.JUnitReportReporter -->
<testsuite hostname="Adithis-MacBook-Air.local" failures="0" tests="5" name="practiceTestNG.PracticeTestNGClass2" time="0.038" errors="0" timestamp="2024-01-23T15:29:58 PST" skipped="0">
  <testcase classname="practiceTestNG.PracticeTestNGClass2" name="fifthTestcase" time="0.020"/>
  <testcase classname="practiceTestNG.PracticeTestNGClass2" name="fourthTestcase" time="0.005"/>
  <testcase classname="practiceTestNG.PracticeTestNGClass2" name="firstTestcase" time="0.002"/>
  <testcase classname="practiceTestNG.PracticeTestNGClass2" name="secondTestcase" time="0.007"/>
  <testcase classname="practiceTestNG.PracticeTestNGClass2" name="thirdTestcase" time="0.004"/>
</testsuite> <!-- practiceTestNG.PracticeTestNGClass2 -->
