<?xml version="1.0" encoding="UTF-8"?>
<!-- Generated by org.testng.reporters.JUnitReportReporter -->
<testsuite hostname="Adithis-MacBook-Air.local" failures="0" tests="2" name="org.practice.automation.practiceFetchDataAtRuntimeClass" time="17.273" errors="0" timestamp="2024-02-06T10:47:01 PST" skipped="0">
  <testcase classname="org.practice.automation.practiceFetchDataAtRuntimeClass" name="fetchState" time="10.779"/>
  <testcase classname="org.practice.automation.practiceFetchDataAtRuntimeClass" name="fetchData" time="6.494"/>
</testsuite> <!-- org.practice.automation.practiceFetchDataAtRuntimeClass -->
