<?xml version="1.0" encoding="UTF-8"?>
<!-- Generated by org.testng.reporters.JUnitReportReporter -->
<testsuite hostname="Adithis-MacBook-Air.local" failures="0" tests="3" name="org.practice.automation.PracticeHandleWindowsOrTabsAndAlertsClass" time="11.766" errors="0" timestamp="2024-02-08T13:14:08 PST" skipped="2">
  <testcase classname="org.practice.automation.PracticeHandleWindowsOrTabsAndAlertsClass" name="handleFrames" time="11.766"/>
  <testcase classname="org.practice.automation.PracticeHandleWindowsOrTabsAndAlertsClass" name="handleWindowsorTabs">
    <skipped/>
  </testcase> <!-- handleWindowsorTabs -->
  <testcase classname="org.practice.automation.PracticeHandleWindowsOrTabsAndAlertsClass" name="handleAlerts">
    <skipped/>
  </testcase> <!-- handleAlerts -->
</testsuite> <!-- org.practice.automation.PracticeHandleWindowsOrTabsAndAlertsClass -->
