<?xml version="1.0" encoding="UTF-8"?>
<!-- Generated by org.testng.reporters.JUnitReportReporter -->
<testsuite hostname="Adithis-MacBook-Air.local" failures="0" tests="1" name="practiceTestNG.PracticeTestNGClass" time="0.012" errors="0" timestamp="2024-01-26T11:27:32 PST" skipped="0">
  <testcase classname="practiceTestNG.PracticeTestNGClass" name="firstTestcase" time="0.012"/>
</testsuite> <!-- practiceTestNG.PracticeTestNGClass -->
