<?xml version="1.0" encoding="UTF-8"?>
<!-- Generated by org.testng.reporters.JUnitReportReporter -->
<testsuite hostname="Adithis-MacBook-Air.local" failures="0" tests="1" name="practiceTesting.PracticeTestingClass2" time="0.003" errors="0" timestamp="2024-01-16T13:09:18 PST" skipped="0">
  <testcase classname="practiceTesting.PracticeTestingClass2" name="firstTestcase" time="0.003"/>
</testsuite> <!-- practiceTesting.PracticeTestingClass2 -->
